2025-10-27 08:10:07,560 - etl_pipeline - ERROR - FAILED: smoke.csv - OTHER_ERROR: Could not read file temp/smoke.csv: All CSV parsing strategies failed for temp/smoke.csv
2025-10-27 08:12:19,168 - etl_pipeline - ERROR - FAILED: smoke.csv - OTHER_ERROR: Could not read file temp/smoke.csv: All CSV parsing strategies failed for temp/smoke.csv
2025-10-27 08:21:18,056 - etl_pipeline - ERROR - FAILED: part-00000-tid-7310107748052234848-45e68189-af8b-41d3-980c-62b436af1f7f-4-1-c000.csv - MISSING_REQUIRED_COLUMNS: CRITICAL COLUMNS MISSING for service_requests: ['SR Number']. Cannot process this CSV.
2025-10-27 08:24:20,763 - etl_pipeline - ERROR - Error loading table 'service_requests': value too long for type character varying(100)
2025-10-27 08:24:20,764 - etl_pipeline - ERROR - Database operation failed: value too long for type character varying(100)
2025-10-27 08:24:20,768 - etl_pipeline - ERROR - FAILED: part-00000-tid-6141084139951731983-abca7579-8e58-4df8-b173-6cd1be544af8-79-1-c000.csv - SCHEMA_LENGTH_ERROR: value too long for type character varying(100)
2025-10-27 08:26:07,102 - etl_pipeline - ERROR - FAILED: smoke.csv - OTHER_ERROR: Could not read file temp/smoke.csv: All CSV parsing strategies failed for temp/smoke.csv
2025-10-27 08:40:19,468 - etl_pipeline - ERROR - FAILED: smoke.csv - OTHER_ERROR: Could not read file temp/smoke.csv: All CSV parsing strategies failed for temp/smoke.csv
2025-10-27 08:40:19,659 - etl_pipeline - ERROR - FAILED: part-00000-tid-7310107748052234848-45e68189-af8b-41d3-980c-62b436af1f7f-4-1-c000.csv - MISSING_REQUIRED_COLUMNS: CRITICAL COLUMNS MISSING for service_requests: ['SR Number']. Cannot process this CSV.
2025-10-27 08:40:19,891 - etl_pipeline - ERROR - Error loading table 'service_requests': value too long for type character varying(100)
2025-10-27 08:40:19,891 - etl_pipeline - ERROR - Database operation failed: value too long for type character varying(100)
2025-10-27 08:40:19,894 - etl_pipeline - ERROR - FAILED: part-00000-tid-6141084139951731983-abca7579-8e58-4df8-b173-6cd1be544af8-79-1-c000.csv - SCHEMA_LENGTH_ERROR: value too long for type character varying(100)
2025-10-27 09:04:37,182 - etl_pipeline - ERROR - FAILED: smoke.csv - OTHER_ERROR: Could not read file temp/smoke.csv: All CSV parsing strategies failed for temp/smoke.csv
2025-10-27 09:04:37,397 - etl_pipeline - ERROR - FAILED: part-00000-tid-7310107748052234848-45e68189-af8b-41d3-980c-62b436af1f7f-4-1-c000.csv - MISSING_REQUIRED_COLUMNS: CRITICAL COLUMNS MISSING for service_requests: ['SR Number']. Cannot process this CSV.
2025-10-27 09:04:37,661 - etl_pipeline - ERROR - Error loading table 'service_requests': value too long for type character varying(100)
2025-10-27 09:04:37,661 - etl_pipeline - ERROR - Database operation failed: value too long for type character varying(100)
2025-10-27 09:04:37,665 - etl_pipeline - ERROR - FAILED: part-00000-tid-6141084139951731983-abca7579-8e58-4df8-b173-6cd1be544af8-79-1-c000.csv - SCHEMA_LENGTH_ERROR: value too long for type character varying(100)
2025-10-27 09:54:34,139 - etl_pipeline - ERROR - FAILED: smoke.csv - OTHER_ERROR: Could not read file temp/smoke.csv: All CSV parsing strategies failed for temp/smoke.csv
2025-10-27 09:54:34,341 - etl_pipeline - ERROR - FAILED: part-00000-tid-7310107748052234848-45e68189-af8b-41d3-980c-62b436af1f7f-4-1-c000.csv - MISSING_REQUIRED_COLUMNS: CRITICAL COLUMNS MISSING for service_requests: ['SR Number']. Cannot process this CSV.
2025-10-27 09:54:34,632 - etl_pipeline - ERROR - Error loading table 'service_requests': value too long for type character varying(100)
2025-10-27 09:54:34,632 - etl_pipeline - ERROR - Database operation failed: value too long for type character varying(100)
2025-10-27 09:54:34,636 - etl_pipeline - ERROR - FAILED: part-00000-tid-6141084139951731983-abca7579-8e58-4df8-b173-6cd1be544af8-79-1-c000.csv - SCHEMA_LENGTH_ERROR: value too long for type character varying(100)
2025-10-27 10:23:57,007 - etl_pipeline - ERROR - FAILED: smoke.csv - OTHER_ERROR: Could not read file temp/smoke.csv: All CSV parsing strategies failed for temp/smoke.csv
2025-10-27 10:23:57,285 - etl_pipeline - ERROR - FAILED: part-00000-tid-7310107748052234848-45e68189-af8b-41d3-980c-62b436af1f7f-4-1-c000.csv - MISSING_REQUIRED_COLUMNS: CRITICAL COLUMNS MISSING for service_requests: ['SR Number']. Cannot process this CSV.
2025-10-27 10:23:57,536 - etl_pipeline - ERROR - Error loading table 'service_requests': value too long for type character varying(100)
2025-10-27 10:23:57,536 - etl_pipeline - ERROR - Database operation failed: value too long for type character varying(100)
2025-10-27 10:23:57,540 - etl_pipeline - ERROR - FAILED: part-00000-tid-6141084139951731983-abca7579-8e58-4df8-b173-6cd1be544af8-79-1-c000.csv - SCHEMA_LENGTH_ERROR: value too long for type character varying(100)
